
> dev_portal@1.2.0 build C:\Projects\mva-developer-portal\apps\devportal
> next build

info  - Linting and checking validity of types...

./src/components/tabs/index.tsx
19:13  Warning: Unexpected any. Specify a different type.  @typescript-eslint/no-explicit-any

./src/pages/learn/getting-started/[article].tsx
27:47  Warning: Unexpected any. Specify a different type.  @typescript-eslint/no-explicit-any

./src/pages/learn/integrations/[integration].tsx
17:47  Warning: Unexpected any. Specify a different type.  @typescript-eslint/no-explicit-any

./src/pages/newsletter/[year]/index.tsx
38:63  Warning: Unexpected any. Specify a different type.  @typescript-eslint/no-explicit-any

./src/pages/trials/[trial]/index.tsx
17:47  Warning: Unexpected any. Specify a different type.  @typescript-eslint/no-explicit-any

./src/pages/[solution]/index.tsx
23:47  Warning: Unexpected any. Specify a different type.  @typescript-eslint/no-explicit-any

./src/pages/[solution]/[product].tsx
17:47  Warning: Unexpected any. Specify a different type.  @typescript-eslint/no-explicit-any

info  - Need to disable some ESLint rules? Learn more here: https://nextjs.org/docs/basic-features/eslint#disabling-rules
info  - Creating an optimized production build...
info  - Compiled successfully
info  - Collecting page data...
{"level":50,"time":1676641674768,"pid":16216,"hostname":"LT-MVA1-T-NL","name":"@coveo/headless","name":"SchemaValidationError","stack":"SchemaValidationError: \n  The following properties are invalid:\n\n    organizationId: value is required.\n\taccessToken: value is required.\n  \n  \n  \n    at buildSchemaValidationError (C:\\Projects\\mva-developer-portal\\node_modules\\.pnpm\\@coveo+headless@1.114.0_v3fkpzpu4t5xvunfup4ffxmdci\\node_modules\\@coveo\\headless\\dist\\headless.js:7962:14)\n    at Schema27.validate (C:\\Projects\\mva-developer-portal\\node_modules\\.pnpm\\@coveo+headless@1.114.0_v3fkpzpu4t5xvunfup4ffxmdci\\node_modules\\@coveo\\headless\\dist\\headless.js:7985:17)\n    at validateConfiguration (C:\\Projects\\mva-developer-portal\\node_modules\\.pnpm\\@coveo+headless@1.114.0_v3fkpzpu4t5xvunfup4ffxmdci\\node_modules\\@coveo\\headless\\dist\\headless.js:107021:37)\n    at buildSearchEngine (C:\\Projects\\mva-developer-portal\\node_modules\\.pnpm\\@coveo+headless@1.114.0_v3fkpzpu4t5xvunfup4ffxmdci\\node_modules\\@coveo\\headless\\dist\\headless.js:106982:3)\n    at 26 (C:\\Projects\\mva-developer-portal\\apps\\devportal\\.next\\server\\chunks\\26.js:27:87)\n    at __webpack_require__ (C:\\Projects\\mva-developer-portal\\apps\\devportal\\.next\\server\\webpack-runtime.js:25:42)\n    at C:\\Projects\\mva-developer-portal\\apps\\devportal\\.next\\server\\pages\\search.js:566:89\n    at __webpack_require__.a (C:\\Projects\\mva-developer-portal\\apps\\devportal\\.next\\server\\webpack-runtime.js:89:13)\n    at 9328 (C:\\Projects\\mva-developer-portal\\apps\\devportal\\.next\\server\\pages\\search.js:553:21)\n    at __webpack_require__ (C:\\Projects\\mva-developer-portal\\apps\\devportal\\.next\\server\\webpack-runtime.js:25:42)","type":"Error","msg":"Search engine configuration error"}
SchemaValidationError3: 
  The following properties are invalid:

    organizationId: value is required.
	accessToken: value is required.
  
  
  
    at buildSchemaValidationError (C:\Projects\mva-developer-portal\node_modules\.pnpm\@coveo+headless@1.114.0_v3fkpzpu4t5xvunfup4ffxmdci\node_modules\@coveo\headless\dist\headless.js:7962:14)
    at Schema27.validate (C:\Projects\mva-developer-portal\node_modules\.pnpm\@coveo+headless@1.114.0_v3fkpzpu4t5xvunfup4ffxmdci\node_modules\@coveo\headless\dist\headless.js:7985:17)
    at validateConfiguration (C:\Projects\mva-developer-portal\node_modules\.pnpm\@coveo+headless@1.114.0_v3fkpzpu4t5xvunfup4ffxmdci\node_modules\@coveo\headless\dist\headless.js:107021:37)
    at buildSearchEngine (C:\Projects\mva-developer-portal\node_modules\.pnpm\@coveo+headless@1.114.0_v3fkpzpu4t5xvunfup4ffxmdci\node_modules\@coveo\headless\dist\headless.js:106982:3)
    at 26 (C:\Projects\mva-developer-portal\apps\devportal\.next\server\chunks\26.js:27:87)
    at __webpack_require__ (C:\Projects\mva-developer-portal\apps\devportal\.next\server\webpack-runtime.js:25:42)
    at C:\Projects\mva-developer-portal\apps\devportal\.next\server\pages\search.js:566:89
    at __webpack_require__.a (C:\Projects\mva-developer-portal\apps\devportal\.next\server\webpack-runtime.js:89:13)
    at 9328 (C:\Projects\mva-developer-portal\apps\devportal\.next\server\pages\search.js:553:21)
    at __webpack_require__ (C:\Projects\mva-developer-portal\apps\devportal\.next\server\webpack-runtime.js:25:42)

> Build error occurred
Error: Failed to collect page data for /search
    at C:\Projects\mva-developer-portal\node_modules\.pnpm\next@13.1.6_pjwopsidmaokadturxaafygjp4\node_modules\next\dist\build\utils.js:963:15
    at process.processTicksAndRejections (node:internal/process/task_queues:95:5) {
  type: 'Error'
}
 ELIFECYCLE  Command failed with exit code 1.
